app/build/intermediates/manifest_merge_blame_file/debug/manifest-merger-blame-debug-report.txt
1<?xml version="1.0" encoding="utf-8"?>
2<manifest xmlns:android="http://schemas.android.com/apk/res/android"
3    package="com.example.firebasestorage"
4    android:versionCode="1"
5    android:versionName="1.0" >
6
7    <uses-sdk
8        android:minSdkVersion="21"
8-->src\main\AndroidManifest.xml
9        android:targetSdkVersion="34" />
9-->src\main\AndroidManifest.xml
10
11    <uses-permission android:name="android.permission.INTERNET" />
11-->src\main\AndroidManifest.xml:5:5-67
11-->src\main\AndroidManifest.xml:5:22-64
12    <uses-permission android:name="android.permission.ACCESS_NETWORK_STATE" />
12-->src\main\AndroidManifest.xml:6:5-79
12-->src\main\AndroidManifest.xml:6:22-76
13
14    <permission
14-->[androidx.core:core:1.10.1] AndroidManifest.xml:22:5-24:47
15        android:name="com.example.firebasestorage.DYNAMIC_RECEIVER_NOT_EXPORTED_PERMISSION"
15-->[androidx.core:core:1.10.1] AndroidManifest.xml:23:9-81
16        android:protectionLevel="signature" />
16-->[androidx.core:core:1.10.1] AndroidManifest.xml:24:9-44
17
18    <uses-permission android:name="com.example.firebasestorage.DYNAMIC_RECEIVER_NOT_EXPORTED_PERMISSION" />
18-->[androidx.core:core:1.10.1] AndroidManifest.xml:26:5-97
18-->[androidx.core:core:1.10.1] AndroidManifest.xml:26:22-94
19
20    <application
20-->src\main\AndroidManifest.xml:8:5-138:19
21        android:allowBackup="true"
21-->src\main\AndroidManifest.xml:9:9-35
22        android:appComponentFactory="androidx.core.app.CoreComponentFactory"
22-->[androidx.core:core:1.10.1] AndroidManifest.xml:28:18-86
23        android:dataExtractionRules="@xml/data_extraction_rules"
23-->src\main\AndroidManifest.xml:10:9-65
24        android:debuggable="true"
25        android:fullBackupContent="@xml/backup_rules"
25-->src\main\AndroidManifest.xml:11:9-54
26        android:icon="@mipmap/ic_launcher"
26-->src\main\AndroidManifest.xml:12:9-43
27        android:label="@string/app_name"
27-->src\main\AndroidManifest.xml:13:9-41
28        android:supportsRtl="true"
28-->src\main\AndroidManifest.xml:14:9-35
29        android:testOnly="true"
30        android:theme="@style/Theme.Firebasestorage" >
30-->src\main\AndroidManifest.xml:15:9-53
31        <activity
31-->src\main\AndroidManifest.xml:17:9-21:60
32            android:name="com.example.firebasestorage.Successful"
32-->src\main\AndroidManifest.xml:18:13-39
33            android:exported="false"
33-->src\main\AndroidManifest.xml:19:13-37
34            android:label="@string/title_activity_successful"
34-->src\main\AndroidManifest.xml:20:13-62
35            android:theme="@style/Theme.Firebasestorage" />
35-->src\main\AndroidManifest.xml:21:13-57
36        <activity
36-->src\main\AndroidManifest.xml:22:9-26:60
37            android:name="com.example.firebasestorage.paymentdetailsActivity2"
37-->src\main\AndroidManifest.xml:23:13-52
38            android:exported="false"
38-->src\main\AndroidManifest.xml:24:13-37
39            android:label="@string/title_activity_paymentdetails2"
39-->src\main\AndroidManifest.xml:25:13-67
40            android:theme="@style/Theme.Firebasestorage" />
40-->src\main\AndroidManifest.xml:26:13-57
41        <activity
41-->src\main\AndroidManifest.xml:27:9-31:60
42            android:name="com.example.firebasestorage.DetailsofroomActivity2"
42-->src\main\AndroidManifest.xml:28:13-51
43            android:exported="false"
43-->src\main\AndroidManifest.xml:29:13-37
44            android:label="@string/title_activity_detailsofroom2"
44-->src\main\AndroidManifest.xml:30:13-66
45            android:theme="@style/Theme.Firebasestorage" />
45-->src\main\AndroidManifest.xml:31:13-57
46        <activity
46-->src\main\AndroidManifest.xml:32:9-36:60
47            android:name="com.example.firebasestorage.lottieActivity"
47-->src\main\AndroidManifest.xml:33:13-43
48            android:exported="false"
48-->src\main\AndroidManifest.xml:34:13-37
49            android:label="@string/title_activity_lottie"
49-->src\main\AndroidManifest.xml:35:13-58
50            android:theme="@style/Theme.Firebasestorage" />
50-->src\main\AndroidManifest.xml:36:13-57
51        <activity
51-->src\main\AndroidManifest.xml:37:9-41:60
52            android:name="com.example.firebasestorage.pricerulesActivity"
52-->src\main\AndroidManifest.xml:38:13-47
53            android:exported="false"
53-->src\main\AndroidManifest.xml:39:13-37
54            android:label="@string/title_activity_pricerules"
54-->src\main\AndroidManifest.xml:40:13-62
55            android:theme="@style/Theme.Firebasestorage" />
55-->src\main\AndroidManifest.xml:41:13-57
56        <activity
56-->src\main\AndroidManifest.xml:42:9-46:60
57            android:name="com.example.firebasestorage.dropdownmenuActivity"
57-->src\main\AndroidManifest.xml:43:13-49
58            android:exported="false"
58-->src\main\AndroidManifest.xml:44:13-37
59            android:label="@string/title_activity_dropdownmenu"
59-->src\main\AndroidManifest.xml:45:13-64
60            android:theme="@style/Theme.Firebasestorage" />
60-->src\main\AndroidManifest.xml:46:13-57
61        <activity
61-->src\main\AndroidManifest.xml:47:9-51:60
62            android:name="com.example.firebasestorage.MenuActivity"
62-->src\main\AndroidManifest.xml:48:13-41
63            android:exported="false"
63-->src\main\AndroidManifest.xml:49:13-37
64            android:label="@string/title_activity_menu"
64-->src\main\AndroidManifest.xml:50:13-56
65            android:theme="@style/Theme.Firebasestorage" />
65-->src\main\AndroidManifest.xml:51:13-57
66        <activity
66-->src\main\AndroidManifest.xml:52:9-56:60
67            android:name="com.example.firebasestorage.HistoryActivity"
67-->src\main\AndroidManifest.xml:53:13-44
68            android:exported="false"
68-->src\main\AndroidManifest.xml:54:13-37
69            android:label="@string/title_activity_history"
69-->src\main\AndroidManifest.xml:55:13-59
70            android:theme="@style/Theme.Firebasestorage" />
70-->src\main\AndroidManifest.xml:56:13-57
71        <activity
71-->src\main\AndroidManifest.xml:57:9-61:60
72            android:name="com.example.firebasestorage.paymentDetailsActivity2"
72-->src\main\AndroidManifest.xml:58:13-52
73            android:exported="false"
73-->src\main\AndroidManifest.xml:59:13-37
74            android:label="@string/title_activity_payment_details2"
74-->src\main\AndroidManifest.xml:60:13-68
75            android:theme="@style/Theme.Firebasestorage" />
75-->src\main\AndroidManifest.xml:61:13-57
76        <activity
76-->src\main\AndroidManifest.xml:62:9-66:60
77            android:name="com.example.firebasestorage.DetailsofRoomActivity2"
77-->src\main\AndroidManifest.xml:63:13-51
78            android:exported="false"
78-->src\main\AndroidManifest.xml:64:13-37
79            android:label="@string/title_activity_detailsof_room2"
79-->src\main\AndroidManifest.xml:65:13-67
80            android:theme="@style/Theme.Firebasestorage" />
80-->src\main\AndroidManifest.xml:66:13-57
81        <activity
81-->src\main\AndroidManifest.xml:67:9-71:60
82            android:name="com.example.firebasestorage.paymentDetailsActivity"
82-->src\main\AndroidManifest.xml:68:13-51
83            android:exported="false"
83-->src\main\AndroidManifest.xml:69:13-37
84            android:label="@string/title_activity_payment_details"
84-->src\main\AndroidManifest.xml:70:13-67
85            android:theme="@style/Theme.Firebasestorage" />
85-->src\main\AndroidManifest.xml:71:13-57
86        <activity
86-->src\main\AndroidManifest.xml:72:9-76:60
87            android:name="com.example.firebasestorage.DetailsofroomActivity"
87-->src\main\AndroidManifest.xml:73:13-50
88            android:exported="false"
88-->src\main\AndroidManifest.xml:74:13-37
89            android:label="@string/title_activity_detailsofroom"
89-->src\main\AndroidManifest.xml:75:13-65
90            android:theme="@style/Theme.Firebasestorage" />
90-->src\main\AndroidManifest.xml:76:13-57
91        <activity
91-->src\main\AndroidManifest.xml:77:9-81:60
92            android:name="com.example.firebasestorage.RoomtypeActivity"
92-->src\main\AndroidManifest.xml:78:13-45
93            android:exported="false"
93-->src\main\AndroidManifest.xml:79:13-37
94            android:label="@string/title_activity_roomtype"
94-->src\main\AndroidManifest.xml:80:13-60
95            android:theme="@style/Theme.Firebasestorage" />
95-->src\main\AndroidManifest.xml:81:13-57
96        <activity
96-->src\main\AndroidManifest.xml:82:9-86:60
97            android:name="com.example.firebasestorage.SystemManagementActivity"
97-->src\main\AndroidManifest.xml:83:13-53
98            android:exported="false"
98-->src\main\AndroidManifest.xml:84:13-37
99            android:label="@string/title_activity_system_management"
99-->src\main\AndroidManifest.xml:85:13-69
100            android:theme="@style/Theme.Firebasestorage" />
100-->src\main\AndroidManifest.xml:86:13-57
101        <activity
101-->src\main\AndroidManifest.xml:87:9-91:60
102            android:name="com.example.firebasestorage.HomepageActivity"
102-->src\main\AndroidManifest.xml:88:13-45
103            android:exported="false"
103-->src\main\AndroidManifest.xml:89:13-37
104            android:label="@string/title_activity_homepage"
104-->src\main\AndroidManifest.xml:90:13-60
105            android:theme="@style/Theme.Firebasestorage" />
105-->src\main\AndroidManifest.xml:91:13-57
106        <activity
106-->src\main\AndroidManifest.xml:92:9-96:60
107            android:name="com.example.firebasestorage.BookingActivity"
107-->src\main\AndroidManifest.xml:93:13-44
108            android:exported="false"
108-->src\main\AndroidManifest.xml:94:13-37
109            android:label="@string/title_activity_booking"
109-->src\main\AndroidManifest.xml:95:13-59
110            android:theme="@style/Theme.Firebasestorage" />
110-->src\main\AndroidManifest.xml:96:13-57
111        <activity
111-->src\main\AndroidManifest.xml:97:9-101:60
112            android:name="com.example.firebasestorage.Systemmanagement"
112-->src\main\AndroidManifest.xml:98:13-45
113            android:exported="false"
113-->src\main\AndroidManifest.xml:99:13-37
114            android:label="@string/title_activity_systemmanagement"
114-->src\main\AndroidManifest.xml:100:13-68
115            android:theme="@style/Theme.Firebasestorage" />
115-->src\main\AndroidManifest.xml:101:13-57
116        <activity
116-->src\main\AndroidManifest.xml:102:9-106:60
117            android:name="com.example.firebasestorage.UpdateDetailsActivity"
117-->src\main\AndroidManifest.xml:103:13-50
118            android:exported="false"
118-->src\main\AndroidManifest.xml:104:13-37
119            android:label="@string/title_activity_update_details"
119-->src\main\AndroidManifest.xml:105:13-66
120            android:theme="@style/Theme.Firebasestorage" />
120-->src\main\AndroidManifest.xml:106:13-57
121        <activity
121-->src\main\AndroidManifest.xml:107:9-111:60
122            android:name="com.example.firebasestorage.DetailsActivity"
122-->src\main\AndroidManifest.xml:108:13-44
123            android:exported="false"
123-->src\main\AndroidManifest.xml:109:13-37
124            android:label="@string/title_activity_details"
124-->src\main\AndroidManifest.xml:110:13-59
125            android:theme="@style/Theme.Firebasestorage" />
125-->src\main\AndroidManifest.xml:111:13-57
126        <activity
126-->src\main\AndroidManifest.xml:112:9-116:60
127            android:name="com.example.firebasestorage.InsertActivity"
127-->src\main\AndroidManifest.xml:113:13-43
128            android:exported="false"
128-->src\main\AndroidManifest.xml:114:13-37
129            android:label="@string/title_activity_insert"
129-->src\main\AndroidManifest.xml:115:13-58
130            android:theme="@style/Theme.Firebasestorage" />
130-->src\main\AndroidManifest.xml:116:13-57
131        <activity
131-->src\main\AndroidManifest.xml:117:9-127:20
132            android:name="com.example.firebasestorage.Splashscreen"
132-->src\main\AndroidManifest.xml:118:13-41
133            android:exported="true"
133-->src\main\AndroidManifest.xml:119:13-36
134            android:label="Sansiro Hotel"
134-->src\main\AndroidManifest.xml:120:13-42
135            android:theme="@style/Theme.Firebasestorage" >
135-->src\main\AndroidManifest.xml:121:13-57
136            <intent-filter>
136-->src\main\AndroidManifest.xml:122:13-126:29
137                <action android:name="android.intent.action.MAIN" />
137-->src\main\AndroidManifest.xml:123:17-69
137-->src\main\AndroidManifest.xml:123:25-66
138
139                <category android:name="android.intent.category.LAUNCHER" />
139-->src\main\AndroidManifest.xml:125:17-77
139-->src\main\AndroidManifest.xml:125:27-74
140            </intent-filter>
141        </activity>
142        <activity
142-->src\main\AndroidManifest.xml:128:9-132:60
143            android:name="com.example.firebasestorage.LocationActivity"
143-->src\main\AndroidManifest.xml:129:13-45
144            android:exported="false"
144-->src\main\AndroidManifest.xml:130:13-37
145            android:label="@string/title_activity_location"
145-->src\main\AndroidManifest.xml:131:13-60
146            android:theme="@style/Theme.Firebasestorage" />
146-->src\main\AndroidManifest.xml:132:13-57
147        <activity
147-->src\main\AndroidManifest.xml:133:9-137:60
148            android:name="com.example.firebasestorage.MainActivity"
148-->src\main\AndroidManifest.xml:134:13-41
149            android:exported="true"
149-->src\main\AndroidManifest.xml:135:13-36
150            android:label="@string/app_name"
150-->src\main\AndroidManifest.xml:136:13-45
151            android:theme="@style/Theme.Firebasestorage" />
151-->src\main\AndroidManifest.xml:137:13-57
152        <activity
152-->[androidx.compose.ui:ui-tooling-android:1.5.0] AndroidManifest.xml:23:9-25:39
153            android:name="androidx.compose.ui.tooling.PreviewActivity"
153-->[androidx.compose.ui:ui-tooling-android:1.5.0] AndroidManifest.xml:24:13-71
154            android:exported="true" />
154-->[androidx.compose.ui:ui-tooling-android:1.5.0] AndroidManifest.xml:25:13-36
155
156        <service
156-->[com.google.firebase:firebase-auth-ktx:22.1.1] AndroidManifest.xml:8:9-14:19
157            android:name="com.google.firebase.components.ComponentDiscoveryService"
157-->[com.google.firebase:firebase-auth-ktx:22.1.1] AndroidManifest.xml:9:13-84
158            android:directBootAware="true"
158-->[com.google.firebase:firebase-common:20.3.2] AndroidManifest.xml:34:13-43
159            android:exported="false" >
159-->[com.google.firebase:firebase-auth-ktx:22.1.1] AndroidManifest.xml:10:13-37
160            <meta-data
160-->[com.google.firebase:firebase-auth-ktx:22.1.1] AndroidManifest.xml:11:13-13:85
161                android:name="com.google.firebase.components:com.google.firebase.auth.ktx.FirebaseAuthKtxRegistrar"
161-->[com.google.firebase:firebase-auth-ktx:22.1.1] AndroidManifest.xml:12:17-116
162                android:value="com.google.firebase.components.ComponentRegistrar" />
162-->[com.google.firebase:firebase-auth-ktx:22.1.1] AndroidManifest.xml:13:17-82
163            <meta-data
163-->[com.google.firebase:firebase-auth:22.1.1] AndroidManifest.xml:69:13-71:85
164                android:name="com.google.firebase.components:com.google.firebase.auth.FirebaseAuthRegistrar"
164-->[com.google.firebase:firebase-auth:22.1.1] AndroidManifest.xml:70:17-109
165                android:value="com.google.firebase.components.ComponentRegistrar" />
165-->[com.google.firebase:firebase-auth:22.1.1] AndroidManifest.xml:71:17-82
166            <meta-data
166-->[com.google.firebase:firebase-firestore-ktx:24.7.1] AndroidManifest.xml:12:13-14:85
167                android:name="com.google.firebase.components:com.google.firebase.firestore.ktx.FirebaseFirestoreKtxRegistrar"
167-->[com.google.firebase:firebase-firestore-ktx:24.7.1] AndroidManifest.xml:13:17-126
168                android:value="com.google.firebase.components.ComponentRegistrar" />
168-->[com.google.firebase:firebase-firestore-ktx:24.7.1] AndroidManifest.xml:14:17-82
169            <meta-data
169-->[com.google.firebase:firebase-database-ktx:20.2.2] AndroidManifest.xml:14:13-16:85
170                android:name="com.google.firebase.components:com.google.firebase.database.ktx.FirebaseDatabaseKtxRegistrar"
170-->[com.google.firebase:firebase-database-ktx:20.2.2] AndroidManifest.xml:15:17-124
171                android:value="com.google.firebase.components.ComponentRegistrar" />
171-->[com.google.firebase:firebase-database-ktx:20.2.2] AndroidManifest.xml:16:17-82
172            <meta-data
172-->[com.google.firebase:firebase-storage-ktx:20.2.1] AndroidManifest.xml:14:13-16:85
173                android:name="com.google.firebase.components:com.google.firebase.storage.ktx.FirebaseStorageKtxRegistrar"
173-->[com.google.firebase:firebase-storage-ktx:20.2.1] AndroidManifest.xml:15:17-122
174                android:value="com.google.firebase.components.ComponentRegistrar" />
174-->[com.google.firebase:firebase-storage-ktx:20.2.1] AndroidManifest.xml:16:17-82
175            <meta-data
175-->[com.google.firebase:firebase-common-ktx:20.3.2] AndroidManifest.xml:14:13-16:85
176                android:name="com.google.firebase.components:com.google.firebase.ktx.FirebaseCommonKtxRegistrar"
176-->[com.google.firebase:firebase-common-ktx:20.3.2] AndroidManifest.xml:15:17-113
177                android:value="com.google.firebase.components.ComponentRegistrar" />
177-->[com.google.firebase:firebase-common-ktx:20.3.2] AndroidManifest.xml:16:17-82
178            <meta-data
178-->[com.google.firebase:firebase-database:20.2.2] AndroidManifest.xml:31:13-33:85
179                android:name="com.google.firebase.components:com.google.firebase.database.DatabaseRegistrar"
179-->[com.google.firebase:firebase-database:20.2.2] AndroidManifest.xml:32:17-109
180                android:value="com.google.firebase.components.ComponentRegistrar" />
180-->[com.google.firebase:firebase-database:20.2.2] AndroidManifest.xml:33:17-82
181            <meta-data
181-->[com.google.firebase:firebase-storage:20.2.1] AndroidManifest.xml:32:13-34:85
182                android:name="com.google.firebase.components:com.google.firebase.storage.StorageRegistrar"
182-->[com.google.firebase:firebase-storage:20.2.1] AndroidManifest.xml:33:17-107
183                android:value="com.google.firebase.components.ComponentRegistrar" />
183-->[com.google.firebase:firebase-storage:20.2.1] AndroidManifest.xml:34:17-82
184            <meta-data
184-->[com.google.firebase:firebase-firestore:24.7.1] AndroidManifest.xml:17:13-19:85
185                android:name="com.google.firebase.components:com.google.firebase.firestore.FirestoreRegistrar"
185-->[com.google.firebase:firebase-firestore:24.7.1] AndroidManifest.xml:18:17-111
186                android:value="com.google.firebase.components.ComponentRegistrar" />
186-->[com.google.firebase:firebase-firestore:24.7.1] AndroidManifest.xml:19:17-82
187        </service>
188
189        <activity
189-->[com.google.firebase:firebase-auth:22.1.1] AndroidManifest.xml:29:9-46:20
190            android:name="com.google.firebase.auth.internal.GenericIdpActivity"
190-->[com.google.firebase:firebase-auth:22.1.1] AndroidManifest.xml:30:13-80
191            android:excludeFromRecents="true"
191-->[com.google.firebase:firebase-auth:22.1.1] AndroidManifest.xml:31:13-46
192            android:exported="true"
192-->[com.google.firebase:firebase-auth:22.1.1] AndroidManifest.xml:32:13-36
193            android:launchMode="singleTask"
193-->[com.google.firebase:firebase-auth:22.1.1] AndroidManifest.xml:33:13-44
194            android:theme="@android:style/Theme.Translucent.NoTitleBar" >
194-->[com.google.firebase:firebase-auth:22.1.1] AndroidManifest.xml:34:13-72
195            <intent-filter>
195-->[com.google.firebase:firebase-auth:22.1.1] AndroidManifest.xml:35:13-45:29
196                <action android:name="android.intent.action.VIEW" />
196-->[com.google.firebase:firebase-auth:22.1.1] AndroidManifest.xml:36:17-69
196-->[com.google.firebase:firebase-auth:22.1.1] AndroidManifest.xml:36:25-66
197
198                <category android:name="android.intent.category.DEFAULT" />
198-->[com.google.firebase:firebase-auth:22.1.1] AndroidManifest.xml:38:17-76
198-->[com.google.firebase:firebase-auth:22.1.1] AndroidManifest.xml:38:27-73
199                <category android:name="android.intent.category.BROWSABLE" />
199-->[com.google.firebase:firebase-auth:22.1.1] AndroidManifest.xml:39:17-78
199-->[com.google.firebase:firebase-auth:22.1.1] AndroidManifest.xml:39:27-75
200
201                <data
201-->[com.google.firebase:firebase-auth:22.1.1] AndroidManifest.xml:41:17-44:51
202                    android:host="firebase.auth"
202-->[com.google.firebase:firebase-auth:22.1.1] AndroidManifest.xml:42:21-49
203                    android:path="/"
203-->[com.google.firebase:firebase-auth:22.1.1] AndroidManifest.xml:43:21-37
204                    android:scheme="genericidp" />
204-->[com.google.firebase:firebase-auth:22.1.1] AndroidManifest.xml:44:21-48
205            </intent-filter>
206        </activity>
207        <activity
207-->[com.google.firebase:firebase-auth:22.1.1] AndroidManifest.xml:47:9-64:20
208            android:name="com.google.firebase.auth.internal.RecaptchaActivity"
208-->[com.google.firebase:firebase-auth:22.1.1] AndroidManifest.xml:48:13-79
209            android:excludeFromRecents="true"
209-->[com.google.firebase:firebase-auth:22.1.1] AndroidManifest.xml:49:13-46
210            android:exported="true"
210-->[com.google.firebase:firebase-auth:22.1.1] AndroidManifest.xml:50:13-36
211            android:launchMode="singleTask"
211-->[com.google.firebase:firebase-auth:22.1.1] AndroidManifest.xml:51:13-44
212            android:theme="@android:style/Theme.Translucent.NoTitleBar" >
212-->[com.google.firebase:firebase-auth:22.1.1] AndroidManifest.xml:52:13-72
213            <intent-filter>
213-->[com.google.firebase:firebase-auth:22.1.1] AndroidManifest.xml:53:13-63:29
214                <action android:name="android.intent.action.VIEW" />
214-->[com.google.firebase:firebase-auth:22.1.1] AndroidManifest.xml:36:17-69
214-->[com.google.firebase:firebase-auth:22.1.1] AndroidManifest.xml:36:25-66
215
216                <category android:name="android.intent.category.DEFAULT" />
216-->[com.google.firebase:firebase-auth:22.1.1] AndroidManifest.xml:38:17-76
216-->[com.google.firebase:firebase-auth:22.1.1] AndroidManifest.xml:38:27-73
217                <category android:name="android.intent.category.BROWSABLE" />
217-->[com.google.firebase:firebase-auth:22.1.1] AndroidManifest.xml:39:17-78
217-->[com.google.firebase:firebase-auth:22.1.1] AndroidManifest.xml:39:27-75
218
219                <data
219-->[com.google.firebase:firebase-auth:22.1.1] AndroidManifest.xml:41:17-44:51
220                    android:host="firebase.auth"
220-->[com.google.firebase:firebase-auth:22.1.1] AndroidManifest.xml:42:21-49
221                    android:path="/"
221-->[com.google.firebase:firebase-auth:22.1.1] AndroidManifest.xml:43:21-37
222                    android:scheme="recaptcha" />
222-->[com.google.firebase:firebase-auth:22.1.1] AndroidManifest.xml:44:21-48
223            </intent-filter>
224        </activity>
225
226        <provider
226-->[com.google.firebase:firebase-common:20.3.2] AndroidManifest.xml:25:9-30:39
227            android:name="com.google.firebase.provider.FirebaseInitProvider"
227-->[com.google.firebase:firebase-common:20.3.2] AndroidManifest.xml:26:13-77
228            android:authorities="com.example.firebasestorage.firebaseinitprovider"
228-->[com.google.firebase:firebase-common:20.3.2] AndroidManifest.xml:27:13-72
229            android:directBootAware="true"
229-->[com.google.firebase:firebase-common:20.3.2] AndroidManifest.xml:28:13-43
230            android:exported="false"
230-->[com.google.firebase:firebase-common:20.3.2] AndroidManifest.xml:29:13-37
231            android:initOrder="100" />
231-->[com.google.firebase:firebase-common:20.3.2] AndroidManifest.xml:30:13-36
232
233        <activity
233-->[com.google.android.gms:play-services-base:18.1.0] AndroidManifest.xml:20:9-22:45
234            android:name="com.google.android.gms.common.api.GoogleApiActivity"
234-->[com.google.android.gms:play-services-base:18.1.0] AndroidManifest.xml:20:19-85
235            android:exported="false"
235-->[com.google.android.gms:play-services-base:18.1.0] AndroidManifest.xml:22:19-43
236            android:theme="@android:style/Theme.Translucent.NoTitleBar" />
236-->[com.google.android.gms:play-services-base:18.1.0] AndroidManifest.xml:21:19-78
237
238        <meta-data
238-->[com.google.android.gms:play-services-basement:18.1.0] AndroidManifest.xml:21:9-23:69
239            android:name="com.google.android.gms.version"
239-->[com.google.android.gms:play-services-basement:18.1.0] AndroidManifest.xml:22:13-58
240            android:value="@integer/google_play_services_version" />
240-->[com.google.android.gms:play-services-basement:18.1.0] AndroidManifest.xml:23:13-66
241
242        <provider
242-->[androidx.emoji2:emoji2:1.4.0] AndroidManifest.xml:24:9-32:20
243            android:name="androidx.startup.InitializationProvider"
243-->[androidx.emoji2:emoji2:1.4.0] AndroidManifest.xml:25:13-67
244            android:authorities="com.example.firebasestorage.androidx-startup"
244-->[androidx.emoji2:emoji2:1.4.0] AndroidManifest.xml:26:13-68
245            android:exported="false" >
245-->[androidx.emoji2:emoji2:1.4.0] AndroidManifest.xml:27:13-37
246            <meta-data
246-->[androidx.emoji2:emoji2:1.4.0] AndroidManifest.xml:29:13-31:52
247                android:name="androidx.emoji2.text.EmojiCompatInitializer"
247-->[androidx.emoji2:emoji2:1.4.0] AndroidManifest.xml:30:17-75
248                android:value="androidx.startup" />
248-->[androidx.emoji2:emoji2:1.4.0] AndroidManifest.xml:31:17-49
249            <meta-data
249-->[androidx.lifecycle:lifecycle-process:2.6.1] AndroidManifest.xml:29:13-31:52
250                android:name="androidx.lifecycle.ProcessLifecycleInitializer"
250-->[androidx.lifecycle:lifecycle-process:2.6.1] AndroidManifest.xml:30:17-78
251                android:value="androidx.startup" />
251-->[androidx.lifecycle:lifecycle-process:2.6.1] AndroidManifest.xml:31:17-49
252            <meta-data
252-->[androidx.profileinstaller:profileinstaller:1.3.0] AndroidManifest.xml:29:13-31:52
253                android:name="androidx.profileinstaller.ProfileInstallerInitializer"
253-->[androidx.profileinstaller:profileinstaller:1.3.0] AndroidManifest.xml:30:17-85
254                android:value="androidx.startup" />
254-->[androidx.profileinstaller:profileinstaller:1.3.0] AndroidManifest.xml:31:17-49
255        </provider>
256
257        <activity
257-->[androidx.compose.ui:ui-test-manifest:1.5.0] AndroidManifest.xml:23:9-25:39
258            android:name="androidx.activity.ComponentActivity"
258-->[androidx.compose.ui:ui-test-manifest:1.5.0] AndroidManifest.xml:24:13-63
259            android:exported="true" />
259-->[androidx.compose.ui:ui-test-manifest:1.5.0] AndroidManifest.xml:25:13-36
260
261        <receiver
261-->[androidx.profileinstaller:profileinstaller:1.3.0] AndroidManifest.xml:34:9-52:20
262            android:name="androidx.profileinstaller.ProfileInstallReceiver"
262-->[androidx.profileinstaller:profileinstaller:1.3.0] AndroidManifest.xml:35:13-76
263            android:directBootAware="false"
263-->[androidx.profileinstaller:profileinstaller:1.3.0] AndroidManifest.xml:36:13-44
264            android:enabled="true"
264-->[androidx.profileinstaller:profileinstaller:1.3.0] AndroidManifest.xml:37:13-35
265            android:exported="true"
265-->[androidx.profileinstaller:profileinstaller:1.3.0] AndroidManifest.xml:38:13-36
266            android:permission="android.permission.DUMP" >
266-->[androidx.profileinstaller:profileinstaller:1.3.0] AndroidManifest.xml:39:13-57
267            <intent-filter>
267-->[androidx.profileinstaller:profileinstaller:1.3.0] AndroidManifest.xml:40:13-42:29
268                <action android:name="androidx.profileinstaller.action.INSTALL_PROFILE" />
268-->[androidx.profileinstaller:profileinstaller:1.3.0] AndroidManifest.xml:41:17-91
268-->[androidx.profileinstaller:profileinstaller:1.3.0] AndroidManifest.xml:41:25-88
269            </intent-filter>
270            <intent-filter>
270-->[androidx.profileinstaller:profileinstaller:1.3.0] AndroidManifest.xml:43:13-45:29
271                <action android:name="androidx.profileinstaller.action.SKIP_FILE" />
271-->[androidx.profileinstaller:profileinstaller:1.3.0] AndroidManifest.xml:44:17-85
271-->[androidx.profileinstaller:profileinstaller:1.3.0] AndroidManifest.xml:44:25-82
272            </intent-filter>
273            <intent-filter>
273-->[androidx.profileinstaller:profileinstaller:1.3.0] AndroidManifest.xml:46:13-48:29
274                <action android:name="androidx.profileinstaller.action.SAVE_PROFILE" />
274-->[androidx.profileinstaller:profileinstaller:1.3.0] AndroidManifest.xml:47:17-88
274-->[androidx.profileinstaller:profileinstaller:1.3.0] AndroidManifest.xml:47:25-85
275            </intent-filter>
276            <intent-filter>
276-->[androidx.profileinstaller:profileinstaller:1.3.0] AndroidManifest.xml:49:13-51:29
277                <action android:name="androidx.profileinstaller.action.BENCHMARK_OPERATION" />
277-->[androidx.profileinstaller:profileinstaller:1.3.0] AndroidManifest.xml:50:17-95
277-->[androidx.profileinstaller:profileinstaller:1.3.0] AndroidManifest.xml:50:25-92
278            </intent-filter>
279        </receiver>
280    </application>
281
282</manifest>